<?xml version="1.0" encoding="UTF-8"?>
<!-- Generated by org.testng.reporters.JUnitXMLReporter -->
<testsuite ignored="0" hostname="Amna" failures="1" tests="5" name="screenshotTest" time="6.452" errors="0" timestamp="2023-10-25T06:56:41 IST">
  <testcase classname="testng.ListenersDemotest" name="Ebaytest" time="1.971">
    <skipped/>
  </testcase> <!-- Ebaytest -->
  <testcase classname="testng.ListenersDemotest" name="Ebaytest" time="1.023">
    <skipped/>
  </testcase> <!-- Ebaytest -->
  <testcase classname="testng.ListenersDemotest" name="Ebaytest" time="1.131">
    <skipped/>
  </testcase> <!-- Ebaytest -->
  <testcase classname="testng.ListenersDemotest" name="Ebaytest" time="1.107">
    <skipped/>
  </testcase> <!-- Ebaytest -->
  <testcase classname="testng.ListenersDemotest" name="Ebaytest" time="1.05">
    <failure type="java.lang.AssertionError" message="expected [true] but found [false]">
      <![CDATA[java.lang.AssertionError: expected [true] but found [false]
at testng.ListenersDemotest.Ebaytest(ListenersDemotest.java:15)
at java.base/java.util.ArrayList.forEach(ArrayList.java:1511)
... Removed 29 stack frames]]>
    </failure>
  </testcase> <!-- Ebaytest -->
</testsuite> <!-- screenshotTest -->
